<?xml version="1.0" encoding="UTF-8"?>
<!-- Generated by org.testng.reporters.JUnitReportReporter -->
<testsuite skipped="0" hostname="L9AGL57" name="com.adx.qa.pages.CrossBrowserTest" tests="8" failures="0" timestamp="24 Dec 2018 06:06:15 GMT" time="98.730" errors="0">
  <testcase name="test2" time="0.001" classname="com.adx.qa.pages.CrossBrowserTest"/>
  <testcase name="test1" time="0.001" classname="com.adx.qa.pages.CrossBrowserTest"/>
  <testcase name="login" time="3.051" classname="com.adx.qa.pages.CrossBrowserTest"/>
  <testcase name="test1" time="0.001" classname="com.adx.qa.pages.CrossBrowserTest"/>
  <testcase name="login" time="95.670" classname="com.adx.qa.pages.CrossBrowserTest"/>
  <testcase name="test3" time="0.002" classname="com.adx.qa.pages.CrossBrowserTest"/>
  <testcase name="test3" time="0.002" classname="com.adx.qa.pages.CrossBrowserTest"/>
  <testcase name="test2" time="0.002" classname="com.adx.qa.pages.CrossBrowserTest"/>
</testsuite> <!-- com.adx.qa.pages.CrossBrowserTest -->
