<?xml version="1.0" encoding="UTF-8"?>
<!-- Generated by org.testng.reporters.JUnitReportReporter -->
<testsuite skipped="0" hostname="L9AGL57" name="com.adx.qa.tests.Grouping" tests="3" failures="0" timestamp="02 Jan 2019 15:01:02 GMT" time="0.028" errors="0">
  <testcase name="bus_and_car" time="0.025" classname="com.adx.qa.tests.Grouping"/>
  <testcase name="car1" time="0.002" classname="com.adx.qa.tests.Grouping"/>
  <testcase name="car2" time="0.001" classname="com.adx.qa.tests.Grouping"/>
</testsuite> <!-- com.adx.qa.tests.Grouping -->
