<?xml version="1.0" encoding="UTF-8"?>
<!-- Generated by org.testng.reporters.JUnitReportReporter -->
<testsuite skipped="0" hostname="L9AGL57" name="com.adx.qa.tests.Grouping" tests="4" failures="0" timestamp="04 Dec 2018 17:43:23 GMT" time="0.031" errors="0">
  <testcase name="car1" time="0.002" classname="com.adx.qa.tests.Grouping"/>
  <testcase name="bus" time="0.025" classname="com.adx.qa.tests.Grouping"/>
  <testcase name="car2" time="0.001" classname="com.adx.qa.tests.Grouping"/>
  <testcase name="bus_and_car" time="0.003" classname="com.adx.qa.tests.Grouping"/>
</testsuite> <!-- com.adx.qa.tests.Grouping -->
