<?xml version="1.0" encoding="UTF-8"?>
<!-- Generated by org.testng.reporters.JUnitReportReporter -->
<testsuite skipped="0" hostname="L9AGL57" name="com.adx.qa.tests.DataProviderTest" tests="2" failures="0" timestamp="23 Dec 2018 12:03:42 GMT" time="69.804" errors="0">
  <testcase name="test" time="34.804" classname="com.adx.qa.tests.DataProviderTest"/>
  <testcase name="test" time="35.000" classname="com.adx.qa.tests.DataProviderTest"/>
</testsuite> <!-- com.adx.qa.tests.DataProviderTest -->
