<?xml version="1.0" encoding="UTF-8"?>
<!-- Generated by org.testng.reporters.JUnitReportReporter -->
<testsuite skipped="0" hostname="L9AGL57" name="com.adx.qa.tests.LoginTestPage" tests="3" failures="0" timestamp="29 Nov 2018 08:36:42 GMT" time="58.869" errors="0">
  <testcase name="checkTitle" time="18.330" classname="com.adx.qa.tests.LoginTestPage"/>
  <testcase name="checkImage" time="18.626" classname="com.adx.qa.tests.LoginTestPage"/>
  <testcase name="loginToPage" time="21.913" classname="com.adx.qa.tests.LoginTestPage"/>
</testsuite> <!-- com.adx.qa.tests.LoginTestPage -->
