<?xml version="1.0" encoding="UTF-8"?>
<!-- Generated by org.testng.reporters.JUnitReportReporter -->
<testsuite skipped="0" hostname="L9AGL57" name="com.adx.qa.tests.HomeTestPage" tests="1" failures="0" timestamp="29 Nov 2018 08:35:18 GMT" time="22.414" errors="0">
  <testcase name="verifyHomeTitleTest" time="22.414" classname="com.adx.qa.tests.HomeTestPage"/>
</testsuite> <!-- com.adx.qa.tests.HomeTestPage -->
