<?xml version="1.0" encoding="UTF-8"?>
<!-- Generated by org.testng.reporters.JUnitReportReporter -->
<testsuite skipped="1" hostname="L9AGL57" name="com.adx.qa.tests.SearchTest" tests="3" failures="0" timestamp="24 Dec 2018 07:10:30 GMT" time="0.000" errors="0">
  <testcase name="bus" time="0.000" classname="com.adx.qa.tests.SearchTest"/>
  <testcase name="car2" time="0.000" classname="com.adx.qa.tests.SearchTest"/>
  <testcase name="car1" classname="com.adx.qa.tests.SearchTest">
    <skipped/>
  </testcase> <!-- car1 -->
</testsuite> <!-- com.adx.qa.tests.SearchTest -->
